<?xml version="1.0" encoding="UTF-8"?>
<!-- Generated by org.testng.reporters.JUnitReportReporter -->
<testsuite hostname="DESKTOP-G4T8NFL" failures="0" tests="1" name="com.test.contactoTest" time="3.373" errors="0" timestamp="2022-05-11T22:36:17 CLT" skipped="0">
  <testcase classname="com.test.contactoTest" name="PruebaContacto" time="3.373"/>
  <system-out/>
</testsuite> <!-- com.test.contactoTest -->
