<?xml version="1.0" encoding="UTF-8"?>
<!-- Generated by org.testng.reporters.JUnitReportReporter -->
<testsuite hostname="DESKTOP-G4T8NFL" failures="0" tests="1" name="com.test.nosotrosTest" time="3.459" errors="0" timestamp="2022-05-11T22:39:39 CLT" skipped="0">
  <testcase classname="com.test.nosotrosTest" name="PruebaNosotros" time="3.459"/>
  <system-out/>
</testsuite> <!-- com.test.nosotrosTest -->
